[debug] [2025-03-09T12:32:48.495Z] ----------------------------------------------------------------------
[debug] [2025-03-09T12:32:48.497Z] Command:       /opt/homebrew/Cellar/node/23.9.0/bin/node /opt/homebrew/bin/firebase deploy --only functions
[debug] [2025-03-09T12:32:48.497Z] CLI Version:   13.33.0
[debug] [2025-03-09T12:32:48.497Z] Platform:      darwin
[debug] [2025-03-09T12:32:48.497Z] Node Version:  v23.9.0
[debug] [2025-03-09T12:32:48.498Z] Time:          Sun Mar 09 2025 13:32:48 GMT+0100 (Central European Standard Time)
[debug] [2025-03-09T12:32:48.498Z] ----------------------------------------------------------------------
[debug] 
[debug] [2025-03-09T12:32:48.592Z] > command requires scopes: ["email","openid","https://www.googleapis.com/auth/cloudplatformprojects.readonly","https://www.googleapis.com/auth/firebase","https://www.googleapis.com/auth/cloud-platform"]
[debug] [2025-03-09T12:32:48.593Z] > authorizing via signed-in user (yan.braslavsky@gmail.com)
[debug] [2025-03-09T12:32:48.593Z] [iam] checking project bodysharing-4b51e for permissions ["cloudfunctions.functions.create","cloudfunctions.functions.delete","cloudfunctions.functions.get","cloudfunctions.functions.list","cloudfunctions.functions.update","cloudfunctions.operations.get","firebase.projects.get"]
[debug] [2025-03-09T12:32:48.593Z] Checked if tokens are valid: true, expires at: 1741524631740
[debug] [2025-03-09T12:32:48.593Z] Checked if tokens are valid: true, expires at: 1741524631740
[debug] [2025-03-09T12:32:48.594Z] >>> [apiv2][query] POST https://cloudresourcemanager.googleapis.com/v1/projects/bodysharing-4b51e:testIamPermissions [none]
[debug] [2025-03-09T12:32:48.594Z] >>> [apiv2][(partial)header] POST https://cloudresourcemanager.googleapis.com/v1/projects/bodysharing-4b51e:testIamPermissions x-goog-quota-user=projects/bodysharing-4b51e
[debug] [2025-03-09T12:32:48.594Z] >>> [apiv2][body] POST https://cloudresourcemanager.googleapis.com/v1/projects/bodysharing-4b51e:testIamPermissions {"permissions":["cloudfunctions.functions.create","cloudfunctions.functions.delete","cloudfunctions.functions.get","cloudfunctions.functions.list","cloudfunctions.functions.update","cloudfunctions.operations.get","firebase.projects.get"]}
[debug] [2025-03-09T12:32:48.979Z] <<< [apiv2][status] POST https://cloudresourcemanager.googleapis.com/v1/projects/bodysharing-4b51e:testIamPermissions 200
[debug] [2025-03-09T12:32:48.979Z] <<< [apiv2][body] POST https://cloudresourcemanager.googleapis.com/v1/projects/bodysharing-4b51e:testIamPermissions {"permissions":["cloudfunctions.functions.create","cloudfunctions.functions.delete","cloudfunctions.functions.get","cloudfunctions.functions.list","cloudfunctions.functions.update","cloudfunctions.operations.get","firebase.projects.get"]}
[debug] [2025-03-09T12:32:48.980Z] Checked if tokens are valid: true, expires at: 1741524631740
[debug] [2025-03-09T12:32:48.980Z] Checked if tokens are valid: true, expires at: 1741524631740
[debug] [2025-03-09T12:32:48.980Z] >>> [apiv2][query] POST https://iam.googleapis.com/v1/projects/bodysharing-4b51e/serviceAccounts/bodysharing-4b51e@appspot.gserviceaccount.com:testIamPermissions [none]
[debug] [2025-03-09T12:32:48.980Z] >>> [apiv2][body] POST https://iam.googleapis.com/v1/projects/bodysharing-4b51e/serviceAccounts/bodysharing-4b51e@appspot.gserviceaccount.com:testIamPermissions {"permissions":["iam.serviceAccounts.actAs"]}
[debug] [2025-03-09T12:32:49.323Z] <<< [apiv2][status] POST https://iam.googleapis.com/v1/projects/bodysharing-4b51e/serviceAccounts/bodysharing-4b51e@appspot.gserviceaccount.com:testIamPermissions 404
[debug] [2025-03-09T12:32:49.323Z] <<< [apiv2][body] POST https://iam.googleapis.com/v1/projects/bodysharing-4b51e/serviceAccounts/bodysharing-4b51e@appspot.gserviceaccount.com:testIamPermissions {"error":{"code":404,"message":"Unknown service account","status":"NOT_FOUND"}}
[debug] [2025-03-09T12:32:49.324Z] [functions] service account IAM check errored, deploy may fail: Request to https://iam.googleapis.com/v1/projects/bodysharing-4b51e/serviceAccounts/bodysharing-4b51e@appspot.gserviceaccount.com:testIamPermissions had HTTP Error: 404, Unknown service account {"name":"FirebaseError","children":[],"context":{"body":{"error":{"code":404,"message":"Unknown service account","status":"NOT_FOUND"}},"response":{"statusCode":404}},"exit":1,"message":"Request to https://iam.googleapis.com/v1/projects/bodysharing-4b51e/serviceAccounts/bodysharing-4b51e@appspot.gserviceaccount.com:testIamPermissions had HTTP Error: 404, Unknown service account","status":404}
[info] 
[info] === Deploying to 'bodysharing-4b51e'...
[info] 
[info] i  deploying functions 
[info] Running command: npm --prefix "$RESOURCE_DIR" run lint
[info] Running command: npm --prefix "$RESOURCE_DIR" run build
[info] ✔  functions: Finished running predeploy script. 
[debug] [2025-03-09T12:32:54.871Z] Checked if tokens are valid: true, expires at: 1741524631740
[debug] [2025-03-09T12:32:54.871Z] Checked if tokens are valid: true, expires at: 1741524631740
[debug] [2025-03-09T12:32:54.871Z] >>> [apiv2][query] GET https://cloudresourcemanager.googleapis.com/v1/projects/bodysharing-4b51e [none]
[debug] [2025-03-09T12:32:55.220Z] <<< [apiv2][status] GET https://cloudresourcemanager.googleapis.com/v1/projects/bodysharing-4b51e 200
[debug] [2025-03-09T12:32:55.220Z] <<< [apiv2][body] GET https://cloudresourcemanager.googleapis.com/v1/projects/bodysharing-4b51e {"projectNumber":"817840229491","projectId":"bodysharing-4b51e","lifecycleState":"ACTIVE","name":"bodysharing","labels":{"firebase":"enabled","firebase-core":"disabled"},"createTime":"2025-03-08T22:02:42.030793Z"}
[info] i  functions: preparing codebase default for deployment 
[info] i  functions: ensuring required API cloudfunctions.googleapis.com is enabled... 
[debug] [2025-03-09T12:32:55.221Z] Checked if tokens are valid: true, expires at: 1741524631740
[debug] [2025-03-09T12:32:55.221Z] Checked if tokens are valid: true, expires at: 1741524631740
[debug] [2025-03-09T12:32:55.221Z] Checked if tokens are valid: true, expires at: 1741524631740
[debug] [2025-03-09T12:32:55.221Z] Checked if tokens are valid: true, expires at: 1741524631740
[info] i  functions: ensuring required API cloudbuild.googleapis.com is enabled... 
[debug] [2025-03-09T12:32:55.221Z] Checked if tokens are valid: true, expires at: 1741524631740
[debug] [2025-03-09T12:32:55.221Z] Checked if tokens are valid: true, expires at: 1741524631740
[info] i  artifactregistry: ensuring required API artifactregistry.googleapis.com is enabled... 
[debug] [2025-03-09T12:32:55.221Z] Checked if tokens are valid: true, expires at: 1741524631740
[debug] [2025-03-09T12:32:55.221Z] Checked if tokens are valid: true, expires at: 1741524631740
[debug] [2025-03-09T12:32:55.222Z] >>> [apiv2][query] GET https://serviceusage.googleapis.com/v1/projects/bodysharing-4b51e/services/cloudfunctions.googleapis.com [none]
[debug] [2025-03-09T12:32:55.222Z] >>> [apiv2][(partial)header] GET https://serviceusage.googleapis.com/v1/projects/bodysharing-4b51e/services/cloudfunctions.googleapis.com x-goog-quota-user=projects/bodysharing-4b51e
[debug] [2025-03-09T12:32:55.222Z] >>> [apiv2][query] GET https://serviceusage.googleapis.com/v1/projects/bodysharing-4b51e/services/runtimeconfig.googleapis.com [none]
[debug] [2025-03-09T12:32:55.222Z] >>> [apiv2][(partial)header] GET https://serviceusage.googleapis.com/v1/projects/bodysharing-4b51e/services/runtimeconfig.googleapis.com x-goog-quota-user=projects/bodysharing-4b51e
[debug] [2025-03-09T12:32:55.223Z] >>> [apiv2][query] GET https://serviceusage.googleapis.com/v1/projects/bodysharing-4b51e/services/cloudbuild.googleapis.com [none]
[debug] [2025-03-09T12:32:55.223Z] >>> [apiv2][(partial)header] GET https://serviceusage.googleapis.com/v1/projects/bodysharing-4b51e/services/cloudbuild.googleapis.com x-goog-quota-user=projects/bodysharing-4b51e
[debug] [2025-03-09T12:32:55.223Z] >>> [apiv2][query] GET https://serviceusage.googleapis.com/v1/projects/bodysharing-4b51e/services/artifactregistry.googleapis.com [none]
[debug] [2025-03-09T12:32:55.223Z] >>> [apiv2][(partial)header] GET https://serviceusage.googleapis.com/v1/projects/bodysharing-4b51e/services/artifactregistry.googleapis.com x-goog-quota-user=projects/bodysharing-4b51e
[debug] [2025-03-09T12:32:56.217Z] <<< [apiv2][status] GET https://serviceusage.googleapis.com/v1/projects/bodysharing-4b51e/services/runtimeconfig.googleapis.com 200
[debug] [2025-03-09T12:32:56.217Z] <<< [apiv2][body] GET https://serviceusage.googleapis.com/v1/projects/bodysharing-4b51e/services/runtimeconfig.googleapis.com [omitted]
[debug] [2025-03-09T12:32:56.218Z] <<< [apiv2][status] GET https://serviceusage.googleapis.com/v1/projects/bodysharing-4b51e/services/cloudfunctions.googleapis.com 200
[debug] [2025-03-09T12:32:56.218Z] <<< [apiv2][body] GET https://serviceusage.googleapis.com/v1/projects/bodysharing-4b51e/services/cloudfunctions.googleapis.com [omitted]
[info] ✔  functions: required API cloudfunctions.googleapis.com is enabled 
[debug] [2025-03-09T12:32:56.219Z] <<< [apiv2][status] GET https://serviceusage.googleapis.com/v1/projects/bodysharing-4b51e/services/artifactregistry.googleapis.com 200
[debug] [2025-03-09T12:32:56.219Z] <<< [apiv2][body] GET https://serviceusage.googleapis.com/v1/projects/bodysharing-4b51e/services/artifactregistry.googleapis.com [omitted]
[info] ✔  artifactregistry: required API artifactregistry.googleapis.com is enabled 
[debug] [2025-03-09T12:32:56.231Z] <<< [apiv2][status] GET https://serviceusage.googleapis.com/v1/projects/bodysharing-4b51e/services/cloudbuild.googleapis.com 200
[debug] [2025-03-09T12:32:56.232Z] <<< [apiv2][body] GET https://serviceusage.googleapis.com/v1/projects/bodysharing-4b51e/services/cloudbuild.googleapis.com [omitted]
[info] ✔  functions: required API cloudbuild.googleapis.com is enabled 
[debug] [2025-03-09T12:32:56.232Z] Checked if tokens are valid: true, expires at: 1741524631740
[debug] [2025-03-09T12:32:56.232Z] Checked if tokens are valid: true, expires at: 1741524631740
[debug] [2025-03-09T12:32:56.232Z] >>> [apiv2][query] GET https://firebase.googleapis.com/v1beta1/projects/bodysharing-4b51e/adminSdkConfig [none]
[debug] [2025-03-09T12:32:56.885Z] <<< [apiv2][status] GET https://firebase.googleapis.com/v1beta1/projects/bodysharing-4b51e/adminSdkConfig 200
[debug] [2025-03-09T12:32:56.886Z] <<< [apiv2][body] GET https://firebase.googleapis.com/v1beta1/projects/bodysharing-4b51e/adminSdkConfig {"projectId":"bodysharing-4b51e","storageBucket":"bodysharing-4b51e.firebasestorage.app"}
[debug] [2025-03-09T12:32:56.886Z] Checked if tokens are valid: true, expires at: 1741524631740
[debug] [2025-03-09T12:32:56.886Z] Checked if tokens are valid: true, expires at: 1741524631740
[debug] [2025-03-09T12:32:56.886Z] >>> [apiv2][query] GET https://runtimeconfig.googleapis.com/v1beta1/projects/bodysharing-4b51e/configs [none]
[debug] [2025-03-09T12:32:57.820Z] <<< [apiv2][status] GET https://runtimeconfig.googleapis.com/v1beta1/projects/bodysharing-4b51e/configs 200
[debug] [2025-03-09T12:32:57.820Z] <<< [apiv2][body] GET https://runtimeconfig.googleapis.com/v1beta1/projects/bodysharing-4b51e/configs {"configs":[{"name":"projects/bodysharing-4b51e/configs/email"},{"name":"projects/bodysharing-4b51e/configs/resend"}]}
[debug] [2025-03-09T12:32:57.821Z] Checked if tokens are valid: true, expires at: 1741524631740
[debug] [2025-03-09T12:32:57.821Z] Checked if tokens are valid: true, expires at: 1741524631740
[debug] [2025-03-09T12:32:57.821Z] Checked if tokens are valid: true, expires at: 1741524631740
[debug] [2025-03-09T12:32:57.821Z] Checked if tokens are valid: true, expires at: 1741524631740
[debug] [2025-03-09T12:32:57.821Z] >>> [apiv2][query] GET https://runtimeconfig.googleapis.com/v1beta1/projects/bodysharing-4b51e/configs/email/variables [none]
[debug] [2025-03-09T12:32:57.822Z] >>> [apiv2][query] GET https://runtimeconfig.googleapis.com/v1beta1/projects/bodysharing-4b51e/configs/resend/variables [none]
[debug] [2025-03-09T12:32:58.609Z] <<< [apiv2][status] GET https://runtimeconfig.googleapis.com/v1beta1/projects/bodysharing-4b51e/configs/email/variables 200
[debug] [2025-03-09T12:32:58.609Z] <<< [apiv2][body] GET https://runtimeconfig.googleapis.com/v1beta1/projects/bodysharing-4b51e/configs/email/variables {"variables":[{"name":"projects/bodysharing-4b51e/configs/email/variables/from","updateTime":"2025-03-09T11:32:07.917598954Z"},{"name":"projects/bodysharing-4b51e/configs/email/variables/admin","updateTime":"2025-03-09T11:32:07.348248763Z"}]}
[debug] [2025-03-09T12:32:58.610Z] Checked if tokens are valid: true, expires at: 1741524631740
[debug] [2025-03-09T12:32:58.610Z] Checked if tokens are valid: true, expires at: 1741524631740
[debug] [2025-03-09T12:32:58.610Z] Checked if tokens are valid: true, expires at: 1741524631740
[debug] [2025-03-09T12:32:58.610Z] Checked if tokens are valid: true, expires at: 1741524631740
[debug] [2025-03-09T12:32:58.610Z] >>> [apiv2][query] GET https://runtimeconfig.googleapis.com/v1beta1/projects/bodysharing-4b51e/configs/email/variables/from [none]
[debug] [2025-03-09T12:32:58.610Z] >>> [apiv2][query] GET https://runtimeconfig.googleapis.com/v1beta1/projects/bodysharing-4b51e/configs/email/variables/admin [none]
[debug] [2025-03-09T12:32:58.727Z] <<< [apiv2][status] GET https://runtimeconfig.googleapis.com/v1beta1/projects/bodysharing-4b51e/configs/resend/variables 200
[debug] [2025-03-09T12:32:58.727Z] <<< [apiv2][body] GET https://runtimeconfig.googleapis.com/v1beta1/projects/bodysharing-4b51e/configs/resend/variables {"variables":[{"name":"projects/bodysharing-4b51e/configs/resend/variables/api_key","updateTime":"2025-03-09T11:32:07.264930947Z"}]}
[debug] [2025-03-09T12:32:58.728Z] Checked if tokens are valid: true, expires at: 1741524631740
[debug] [2025-03-09T12:32:58.728Z] Checked if tokens are valid: true, expires at: 1741524631740
[debug] [2025-03-09T12:32:58.728Z] >>> [apiv2][query] GET https://runtimeconfig.googleapis.com/v1beta1/projects/bodysharing-4b51e/configs/resend/variables/api_key [none]
[debug] [2025-03-09T12:32:59.419Z] <<< [apiv2][status] GET https://runtimeconfig.googleapis.com/v1beta1/projects/bodysharing-4b51e/configs/email/variables/from 200
[debug] [2025-03-09T12:32:59.419Z] <<< [apiv2][body] GET https://runtimeconfig.googleapis.com/v1beta1/projects/bodysharing-4b51e/configs/email/variables/from {"name":"projects/bodysharing-4b51e/configs/email/variables/from","updateTime":"2025-03-09T11:32:07.917598954Z","text":"contact@bodysharing.com"}
[debug] [2025-03-09T12:32:59.507Z] <<< [apiv2][status] GET https://runtimeconfig.googleapis.com/v1beta1/projects/bodysharing-4b51e/configs/resend/variables/api_key 200
[debug] [2025-03-09T12:32:59.507Z] <<< [apiv2][body] GET https://runtimeconfig.googleapis.com/v1beta1/projects/bodysharing-4b51e/configs/resend/variables/api_key {"name":"projects/bodysharing-4b51e/configs/resend/variables/api_key","updateTime":"2025-03-09T11:32:07.264930947Z","text":"re_XsCu6Gft_94MGXrHPLzL6nuwSvbzhiQ4S"}
[debug] [2025-03-09T12:32:59.523Z] <<< [apiv2][status] GET https://runtimeconfig.googleapis.com/v1beta1/projects/bodysharing-4b51e/configs/email/variables/admin 200
[debug] [2025-03-09T12:32:59.523Z] <<< [apiv2][body] GET https://runtimeconfig.googleapis.com/v1beta1/projects/bodysharing-4b51e/configs/email/variables/admin {"name":"projects/bodysharing-4b51e/configs/email/variables/admin","updateTime":"2025-03-09T11:32:07.348248763Z","text":"yan.braslavsky@gmail.com"}
[debug] [2025-03-09T12:32:59.523Z] Validating nodejs source
[warn] ⚠  functions: Runtime Node.js 18 will be deprecated on 2025-04-30 and will be decommissioned on 2025-10-31, after which you will not be able to deploy without upgrading. Consider upgrading now to avoid disruption. See https://cloud.google.com/functions/docs/runtime-support for full details on the lifecycle policy 
[debug] [2025-03-09T12:33:00.105Z] > [functions] package.json contents: {
  "name": "functions",
  "scripts": {
    "lint": "eslint --ext .js,.ts .",
    "build": "tsc",
    "build:watch": "tsc --watch",
    "serve": "npm run build && firebase emulators:start --only functions",
    "shell": "npm run build && firebase functions:shell",
    "start": "npm run shell",
    "deploy": "firebase deploy --only functions",
    "logs": "firebase functions:log"
  },
  "engines": {
    "node": "18"
  },
  "main": "lib/index.js",
  "dependencies": {
    "cors": "^2.8.5",
    "firebase-admin": "^11.8.0",
    "firebase-functions": "^6.3.2",
    "resend": "^2.0.0"
  },
  "devDependencies": {
    "@typescript-eslint/eslint-plugin": "^5.12.0",
    "@typescript-eslint/parser": "^5.12.0",
    "eslint": "^8.9.0",
    "eslint-config-google": "^0.14.0",
    "eslint-plugin-import": "^2.25.4",
    "firebase-functions-test": "^3.1.0",
    "typescript": "^4.9.0"
  },
  "private": true
}
[debug] [2025-03-09T12:33:00.106Z] Building nodejs source
[info] i  functions: Loading and analyzing source code for codebase default to determine what to deploy 
[debug] [2025-03-09T12:33:00.106Z] Could not find functions.yaml. Must use http discovery
[debug] [2025-03-09T12:33:00.114Z] Found firebase-functions binary at '/Users/yanbra/Documents/Github Projects/bodysharing_website/functions/node_modules/.bin/firebase-functions'
[info] Serving at port 8398

[debug] [2025-03-09T12:33:00.520Z] Got response from /__/functions.yaml {"endpoints":{"sendEmail":{"availableMemoryMb":null,"timeoutSeconds":null,"minInstances":null,"maxInstances":null,"ingressSettings":null,"concurrency":null,"serviceAccountEmail":null,"vpc":null,"platform":"gcfv2","labels":{},"httpsTrigger":{},"entryPoint":"sendEmail"},"sendContactFormEmail":{"availableMemoryMb":null,"timeoutSeconds":null,"minInstances":null,"maxInstances":null,"ingressSettings":null,"concurrency":null,"serviceAccountEmail":null,"vpc":null,"platform":"gcfv2","labels":{},"httpsTrigger":{},"entryPoint":"sendContactFormEmail"}},"specVersion":"v1alpha1","requiredAPIs":[],"extensions":{}}
[info] i  extensions: ensuring required API firebaseextensions.googleapis.com is enabled... 
[debug] [2025-03-09T12:33:04.537Z] Checked if tokens are valid: true, expires at: 1741524631740
[debug] [2025-03-09T12:33:04.537Z] Checked if tokens are valid: true, expires at: 1741524631740
[debug] [2025-03-09T12:33:04.537Z] >>> [apiv2][query] GET https://serviceusage.googleapis.com/v1/projects/bodysharing-4b51e/services/firebaseextensions.googleapis.com [none]
[debug] [2025-03-09T12:33:04.537Z] >>> [apiv2][(partial)header] GET https://serviceusage.googleapis.com/v1/projects/bodysharing-4b51e/services/firebaseextensions.googleapis.com x-goog-quota-user=projects/bodysharing-4b51e
[debug] [2025-03-09T12:33:05.535Z] <<< [apiv2][status] GET https://serviceusage.googleapis.com/v1/projects/bodysharing-4b51e/services/firebaseextensions.googleapis.com 200
[debug] [2025-03-09T12:33:05.535Z] <<< [apiv2][body] GET https://serviceusage.googleapis.com/v1/projects/bodysharing-4b51e/services/firebaseextensions.googleapis.com [omitted]
[info] ✔  extensions: required API firebaseextensions.googleapis.com is enabled 
[debug] [2025-03-09T12:33:05.535Z] > command requires scopes: ["email","openid","https://www.googleapis.com/auth/cloudplatformprojects.readonly","https://www.googleapis.com/auth/firebase","https://www.googleapis.com/auth/cloud-platform"]
[debug] [2025-03-09T12:33:05.535Z] > authorizing via signed-in user (yan.braslavsky@gmail.com)
[debug] [2025-03-09T12:33:05.535Z] [iam] checking project bodysharing-4b51e for permissions ["firebase.projects.get","firebaseextensions.instances.list"]
[debug] [2025-03-09T12:33:05.535Z] Checked if tokens are valid: true, expires at: 1741524631740
[debug] [2025-03-09T12:33:05.535Z] Checked if tokens are valid: true, expires at: 1741524631740
[debug] [2025-03-09T12:33:05.535Z] >>> [apiv2][query] POST https://cloudresourcemanager.googleapis.com/v1/projects/bodysharing-4b51e:testIamPermissions [none]
[debug] [2025-03-09T12:33:05.535Z] >>> [apiv2][(partial)header] POST https://cloudresourcemanager.googleapis.com/v1/projects/bodysharing-4b51e:testIamPermissions x-goog-quota-user=projects/bodysharing-4b51e
[debug] [2025-03-09T12:33:05.535Z] >>> [apiv2][body] POST https://cloudresourcemanager.googleapis.com/v1/projects/bodysharing-4b51e:testIamPermissions {"permissions":["firebase.projects.get","firebaseextensions.instances.list"]}
[debug] [2025-03-09T12:33:05.824Z] <<< [apiv2][status] POST https://cloudresourcemanager.googleapis.com/v1/projects/bodysharing-4b51e:testIamPermissions 200
[debug] [2025-03-09T12:33:05.824Z] <<< [apiv2][body] POST https://cloudresourcemanager.googleapis.com/v1/projects/bodysharing-4b51e:testIamPermissions {"permissions":["firebase.projects.get","firebaseextensions.instances.list"]}
[debug] [2025-03-09T12:33:05.825Z] Checked if tokens are valid: true, expires at: 1741524631740
[debug] [2025-03-09T12:33:05.825Z] Checked if tokens are valid: true, expires at: 1741524631740
[debug] [2025-03-09T12:33:05.825Z] >>> [apiv2][query] GET https://firebaseextensions.googleapis.com/v1beta/projects/bodysharing-4b51e/instances pageSize=100&pageToken=
